<?xml version="1.0" encoding="UTF-8"?>
<!-- Generated by org.testng.reporters.JUnitXMLReporter -->
<testsuite ignored="0" hostname="LIN-BRCPTN3" failures="1" tests="8" name="Surefire test" time="68.614" errors="0" timestamp="2025-10-23T15:55:07 IST">
  <testcase classname="com.saucedemo.tests.CartTest" name="verifyCartPageLoads" time="0.729"/>
  <testcase classname="com.saucedemo.tests.CheckoutCompleteTest" name="verifyOrderConfirmation" time="1.355">
    <failure type="java.lang.AssertionError" message="expected [true] but found [false]">
      <![CDATA[java.lang.AssertionError: expected [true] but found [false]
at com.saucedemo.tests.CheckoutCompleteTest.verifyOrderConfirmation(CheckoutCompleteTest.java:16)
at java.base/java.util.ArrayList.forEach(ArrayList.java:1597)
... Removed 34 stack frames]]>
    </failure>
  </testcase> <!-- verifyOrderConfirmation -->
  <testcase classname="com.saucedemo.tests.CheckoutInfoTest" name="fillCheckoutInformation" time="1.881"/>
  <testcase classname="com.saucedemo.tests.CheckoutOverviewTest" name="verifyTotalPrice" time="0.673"/>
  <testcase classname="com.saucedemo.tests.InventoryTest" name="verifyProductCount" time="1.381"/>
  <testcase classname="com.saucedemo.tests.LoginTest" name="invalidLoginTest" time="1.307"/>
  <testcase classname="com.saucedemo.tests.LoginTest" name="validLoginTest" time="0.425"/>
  <testcase classname="com.saucedemo.tests.ProductDetailsTest" name="verifyProductDetails" time="1.855"/>
</testsuite> <!-- Surefire test -->
