<?xml version="1.0" encoding="UTF-8"?>
<!-- Generated by org.testng.reporters.JUnitXMLReporter -->
<testsuite ignored="0" hostname="LIN-BRCPTN3" failures="1" tests="8" name="SauceDemoTests" time="61.523" errors="0" timestamp="2025-10-23T12:30:58 IST">
  <testcase classname="com.saucedemo.tests.LoginTest" name="invalidLoginTest" time="0.528"/>
  <testcase classname="com.saucedemo.tests.LoginTest" name="validLoginTest" time="0.432"/>
  <testcase classname="com.saucedemo.tests.InventoryTest" name="verifyProductCount" time="0.442"/>
  <testcase classname="com.saucedemo.tests.ProductDetailsTest" name="verifyProductDetails" time="1.517"/>
  <testcase classname="com.saucedemo.tests.CartTest" name="verifyCartPageLoads" time="0.967"/>
  <testcase classname="com.saucedemo.tests.CheckoutInfoTest" name="fillCheckoutInformation" time="1.022"/>
  <testcase classname="com.saucedemo.tests.CheckoutOverviewTest" name="verifyTotalPrice" time="0.699"/>
  <testcase classname="com.saucedemo.tests.CheckoutCompleteTest" name="verifyOrderConfirmation" time="0.863">
    <failure type="java.lang.AssertionError" message="expected [true] but found [false]">
      <![CDATA[java.lang.AssertionError: expected [true] but found [false]
at com.saucedemo.tests.CheckoutCompleteTest.verifyOrderConfirmation(CheckoutCompleteTest.java:16)
at java.base/java.util.ArrayList.forEach(ArrayList.java:1597)
... Removed 29 stack frames]]>
    </failure>
  </testcase> <!-- verifyOrderConfirmation -->
</testsuite> <!-- SauceDemoTests -->
