<?xml version="1.0" encoding="UTF-8"?>
<!-- Generated by org.testng.reporters.JUnitXMLReporter -->
<testsuite ignored="0" hostname="LIN-BRCPTN3" failures="1" tests="1" name="SauceDemoTests(failed)" time="7.296" errors="0" timestamp="2025-10-22T19:49:21 IST">
  <testcase classname="com.saucedemo.tests.CheckoutCompleteTest" name="verifyOrderConfirmation" time="0.593">
    <failure type="java.lang.AssertionError" message="expected [true] but found [false]">
      <![CDATA[java.lang.AssertionError: expected [true] but found [false]
at com.saucedemo.tests.CheckoutCompleteTest.verifyOrderConfirmation(CheckoutCompleteTest.java:16)
at java.base/java.util.ArrayList.forEach(ArrayList.java:1597)
... Removed 29 stack frames]]>
    </failure>
  </testcase> <!-- verifyOrderConfirmation -->
</testsuite> <!-- SauceDemoTests(failed) -->
