<?xml version="1.0" encoding="UTF-8"?>
<testng-results ignored="0" total="8" passed="7" failed="1" skipped="0">
  <reporter-output>
  </reporter-output>
  <suite started-at="2025-10-23T16:08:01 IST" name="SauceDemoSuite" finished-at="2025-10-23T16:09:00 IST" duration-ms="59394">
    <groups>
    </groups>
    <test started-at="2025-10-23T16:08:01 IST" name="SauceDemoTests" finished-at="2025-10-23T16:09:00 IST" duration-ms="59394">
      <class name="com.saucedemo.tests.CheckoutOverviewTest">
        <test-method is-config="true" signature="setUp()[pri:0, instance:com.saucedemo.tests.CheckoutOverviewTest@4bff7da0]" started-at="2025-10-23T16:08:49 IST" name="setUp" finished-at="2025-10-23T16:08:54 IST" duration-ms="4046" status="PASS">
          <reporter-output>
          </reporter-output>
        </test-method> <!-- setUp -->
        <test-method signature="verifyTotalPrice()[pri:0, instance:com.saucedemo.tests.CheckoutOverviewTest@4bff7da0]" started-at="2025-10-23T16:08:54 IST" name="verifyTotalPrice" finished-at="2025-10-23T16:08:54 IST" duration-ms="608" status="PASS">
          <reporter-output>
          </reporter-output>
        </test-method> <!-- verifyTotalPrice -->
        <test-method is-config="true" signature="tearDown()[pri:0, instance:com.saucedemo.tests.CheckoutOverviewTest@4bff7da0]" started-at="2025-10-23T16:08:54 IST" name="tearDown" finished-at="2025-10-23T16:08:55 IST" duration-ms="505" status="PASS">
          <reporter-output>
          </reporter-output>
        </test-method> <!-- tearDown -->
      </class> <!-- com.saucedemo.tests.CheckoutOverviewTest -->
      <class name="com.saucedemo.tests.CheckoutInfoTest">
        <test-method is-config="true" signature="setUp()[pri:0, instance:com.saucedemo.tests.CheckoutInfoTest@638ef7ed]" started-at="2025-10-23T16:08:44 IST" name="setUp" finished-at="2025-10-23T16:08:48 IST" duration-ms="4342" status="PASS">
          <reporter-output>
          </reporter-output>
        </test-method> <!-- setUp -->
        <test-method signature="fillCheckoutInformation()[pri:0, instance:com.saucedemo.tests.CheckoutInfoTest@638ef7ed]" started-at="2025-10-23T16:08:48 IST" name="fillCheckoutInformation" finished-at="2025-10-23T16:08:49 IST" duration-ms="867" status="PASS">
          <reporter-output>
          </reporter-output>
        </test-method> <!-- fillCheckoutInformation -->
        <test-method is-config="true" signature="tearDown()[pri:0, instance:com.saucedemo.tests.CheckoutInfoTest@638ef7ed]" started-at="2025-10-23T16:08:49 IST" name="tearDown" finished-at="2025-10-23T16:08:49 IST" duration-ms="470" status="PASS">
          <reporter-output>
          </reporter-output>
        </test-method> <!-- tearDown -->
      </class> <!-- com.saucedemo.tests.CheckoutInfoTest -->
      <class name="com.saucedemo.tests.InventoryTest">
        <test-method is-config="true" signature="setUp()[pri:0, instance:com.saucedemo.tests.InventoryTest@3e62d773]" started-at="2025-10-23T16:08:25 IST" name="setUp" finished-at="2025-10-23T16:08:29 IST" duration-ms="4747" status="PASS">
          <reporter-output>
          </reporter-output>
        </test-method> <!-- setUp -->
        <test-method signature="verifyProductCount()[pri:0, instance:com.saucedemo.tests.InventoryTest@3e62d773]" started-at="2025-10-23T16:08:29 IST" name="verifyProductCount" finished-at="2025-10-23T16:08:30 IST" duration-ms="493" status="PASS">
          <reporter-output>
          </reporter-output>
        </test-method> <!-- verifyProductCount -->
        <test-method is-config="true" signature="tearDown()[pri:0, instance:com.saucedemo.tests.InventoryTest@3e62d773]" started-at="2025-10-23T16:08:30 IST" name="tearDown" finished-at="2025-10-23T16:08:30 IST" duration-ms="585" status="PASS">
          <reporter-output>
          </reporter-output>
        </test-method> <!-- tearDown -->
      </class> <!-- com.saucedemo.tests.InventoryTest -->
      <class name="com.saucedemo.tests.ProductDetailsTest">
        <test-method is-config="true" signature="setUp()[pri:0, instance:com.saucedemo.tests.ProductDetailsTest@4ef74c30]" started-at="2025-10-23T16:08:30 IST" name="setUp" finished-at="2025-10-23T16:08:36 IST" duration-ms="5149" status="PASS">
          <reporter-output>
          </reporter-output>
        </test-method> <!-- setUp -->
        <test-method signature="verifyProductDetails()[pri:0, instance:com.saucedemo.tests.ProductDetailsTest@4ef74c30]" started-at="2025-10-23T16:08:36 IST" name="verifyProductDetails" finished-at="2025-10-23T16:08:37 IST" duration-ms="955" status="PASS">
          <reporter-output>
          </reporter-output>
        </test-method> <!-- verifyProductDetails -->
        <test-method is-config="true" signature="tearDown()[pri:0, instance:com.saucedemo.tests.ProductDetailsTest@4ef74c30]" started-at="2025-10-23T16:08:37 IST" name="tearDown" finished-at="2025-10-23T16:08:37 IST" duration-ms="495" status="PASS">
          <reporter-output>
          </reporter-output>
        </test-method> <!-- tearDown -->
      </class> <!-- com.saucedemo.tests.ProductDetailsTest -->
      <class name="com.saucedemo.tests.LoginTest">
        <test-method is-config="true" signature="setUp()[pri:0, instance:com.saucedemo.tests.LoginTest@730d2164]" started-at="2025-10-23T16:08:01 IST" name="setUp" finished-at="2025-10-23T16:08:06 IST" duration-ms="5301" status="PASS">
          <reporter-output>
          </reporter-output>
        </test-method> <!-- setUp -->
        <test-method signature="invalidLoginTest()[pri:0, instance:com.saucedemo.tests.LoginTest@730d2164]" started-at="2025-10-23T16:08:06 IST" name="invalidLoginTest" finished-at="2025-10-23T16:08:07 IST" duration-ms="586" status="PASS">
          <reporter-output>
          </reporter-output>
        </test-method> <!-- invalidLoginTest -->
        <test-method is-config="true" signature="tearDown()[pri:0, instance:com.saucedemo.tests.LoginTest@730d2164]" started-at="2025-10-23T16:08:07 IST" name="tearDown" finished-at="2025-10-23T16:08:07 IST" duration-ms="571" status="PASS">
          <reporter-output>
          </reporter-output>
        </test-method> <!-- tearDown -->
        <test-method is-config="true" signature="setUp()[pri:0, instance:com.saucedemo.tests.LoginTest@730d2164]" started-at="2025-10-23T16:08:07 IST" name="setUp" finished-at="2025-10-23T16:08:21 IST" duration-ms="13999" status="PASS">
          <reporter-output>
          </reporter-output>
        </test-method> <!-- setUp -->
        <test-method signature="validLoginTest()[pri:0, instance:com.saucedemo.tests.LoginTest@730d2164]" started-at="2025-10-23T16:08:21 IST" name="validLoginTest" finished-at="2025-10-23T16:08:23 IST" duration-ms="2212" status="PASS">
          <reporter-output>
          </reporter-output>
        </test-method> <!-- validLoginTest -->
        <test-method is-config="true" signature="tearDown()[pri:0, instance:com.saucedemo.tests.LoginTest@730d2164]" started-at="2025-10-23T16:08:23 IST" name="tearDown" finished-at="2025-10-23T16:08:25 IST" duration-ms="1180" status="PASS">
          <reporter-output>
          </reporter-output>
        </test-method> <!-- tearDown -->
      </class> <!-- com.saucedemo.tests.LoginTest -->
      <class name="com.saucedemo.tests.CartTest">
        <test-method is-config="true" signature="setUp()[pri:0, instance:com.saucedemo.tests.CartTest@7283d3eb]" started-at="2025-10-23T16:08:37 IST" name="setUp" finished-at="2025-10-23T16:08:42 IST" duration-ms="4612" status="PASS">
          <reporter-output>
          </reporter-output>
        </test-method> <!-- setUp -->
        <test-method signature="verifyCartPageLoads()[pri:0, instance:com.saucedemo.tests.CartTest@7283d3eb]" started-at="2025-10-23T16:08:42 IST" name="verifyCartPageLoads" finished-at="2025-10-23T16:08:43 IST" duration-ms="1115" status="PASS">
          <reporter-output>
          </reporter-output>
        </test-method> <!-- verifyCartPageLoads -->
        <test-method is-config="true" signature="tearDown()[pri:0, instance:com.saucedemo.tests.CartTest@7283d3eb]" started-at="2025-10-23T16:08:43 IST" name="tearDown" finished-at="2025-10-23T16:08:44 IST" duration-ms="993" status="PASS">
          <reporter-output>
          </reporter-output>
        </test-method> <!-- tearDown -->
      </class> <!-- com.saucedemo.tests.CartTest -->
      <class name="com.saucedemo.tests.CheckoutCompleteTest">
        <test-method is-config="true" signature="setUp()[pri:0, instance:com.saucedemo.tests.CheckoutCompleteTest@3f1d2e23]" started-at="2025-10-23T16:08:55 IST" name="setUp" finished-at="2025-10-23T16:08:59 IST" duration-ms="4198" status="PASS">
          <reporter-output>
          </reporter-output>
        </test-method> <!-- setUp -->
        <test-method signature="verifyOrderConfirmation()[pri:0, instance:com.saucedemo.tests.CheckoutCompleteTest@3f1d2e23]" started-at="2025-10-23T16:08:59 IST" name="verifyOrderConfirmation" finished-at="2025-10-23T16:08:59 IST" duration-ms="581" status="FAIL">
          <exception class="java.lang.AssertionError">
            <message>
              <![CDATA[expected [true] but found [false]]]>
            </message>
            <full-stacktrace>
              <![CDATA[java.lang.AssertionError: expected [true] but found [false]
at org.testng.Assert.fail(Assert.java:111)
at org.testng.Assert.failNotEquals(Assert.java:1590)
at org.testng.Assert.assertTrue(Assert.java:57)
at org.testng.Assert.assertTrue(Assert.java:67)
at com.saucedemo.tests.CheckoutCompleteTest.verifyOrderConfirmation(CheckoutCompleteTest.java:16)
at java.base/jdk.internal.reflect.DirectMethodHandleAccessor.invoke(DirectMethodHandleAccessor.java:103)
at java.base/java.lang.reflect.Method.invoke(Method.java:580)
at org.testng.internal.invokers.MethodInvocationHelper.invokeMethod(MethodInvocationHelper.java:141)
at org.testng.internal.invokers.TestInvoker.invokeMethod(TestInvoker.java:687)
at org.testng.internal.invokers.TestInvoker.invokeTestMethod(TestInvoker.java:230)
at org.testng.internal.invokers.MethodRunner.runInSequence(MethodRunner.java:63)
at org.testng.internal.invokers.TestInvoker$MethodInvocationAgent.invoke(TestInvoker.java:995)
at org.testng.internal.invokers.TestInvoker.invokeTestMethods(TestInvoker.java:203)
at org.testng.internal.invokers.TestMethodWorker.invokeTestMethods(TestMethodWorker.java:154)
at org.testng.internal.invokers.TestMethodWorker.run(TestMethodWorker.java:134)
at java.base/java.util.ArrayList.forEach(ArrayList.java:1597)
at org.testng.TestRunner.privateRun(TestRunner.java:741)
at org.testng.TestRunner.run(TestRunner.java:616)
at org.testng.SuiteRunner.runTest(SuiteRunner.java:421)
at org.testng.SuiteRunner.runSequentially(SuiteRunner.java:413)
at org.testng.SuiteRunner.privateRun(SuiteRunner.java:373)
at org.testng.SuiteRunner.run(SuiteRunner.java:312)
at org.testng.SuiteRunnerWorker.runSuite(SuiteRunnerWorker.java:52)
at org.testng.SuiteRunnerWorker.run(SuiteRunnerWorker.java:95)
at org.testng.TestNG.runSuitesSequentially(TestNG.java:1274)
at org.testng.TestNG.runSuitesLocally(TestNG.java:1208)
at org.testng.TestNG.runSuites(TestNG.java:1112)
at org.testng.TestNG.run(TestNG.java:1079)
at org.apache.maven.surefire.testng.TestNGExecutor.run(TestNGExecutor.java:308)
at org.apache.maven.surefire.testng.TestNGXmlTestSuite.execute(TestNGXmlTestSuite.java:71)
at org.apache.maven.surefire.testng.TestNGProvider.invoke(TestNGProvider.java:113)
at org.apache.maven.surefire.booter.ForkedBooter.runSuitesInProcess(ForkedBooter.java:385)
at org.apache.maven.surefire.booter.ForkedBooter.execute(ForkedBooter.java:162)
at org.apache.maven.surefire.booter.ForkedBooter.run(ForkedBooter.java:507)
at org.apache.maven.surefire.booter.ForkedBooter.main(ForkedBooter.java:495)
]]>
            </full-stacktrace>
          </exception> <!-- java.lang.AssertionError -->
          <reporter-output>
          </reporter-output>
        </test-method> <!-- verifyOrderConfirmation -->
        <test-method is-config="true" signature="tearDown()[pri:0, instance:com.saucedemo.tests.CheckoutCompleteTest@3f1d2e23]" started-at="2025-10-23T16:09:00 IST" name="tearDown" finished-at="2025-10-23T16:09:00 IST" duration-ms="491" status="PASS">
          <reporter-output>
          </reporter-output>
        </test-method> <!-- tearDown -->
      </class> <!-- com.saucedemo.tests.CheckoutCompleteTest -->
    </test> <!-- SauceDemoTests -->
  </suite> <!-- SauceDemoSuite -->
</testng-results>
